{"contracts\\distributors\\UpgradableCommunityRewardDistributor_V1.sol":{"l":{"20":12,"21":12,"28":2,"29":1},"path":"C:\\Users\\VITAL\\Documents\\Projekte\\006 Diversify\\diversify-core\\contracts\\distributors\\UpgradableCommunityRewardDistributor_V1.sol","s":{"1":12,"2":12,"3":2,"4":1},"b":{"1":[1,1]},"f":{"1":12,"2":2},"fnMap":{"1":{"name":"initialize","line":19,"loc":{"start":{"line":19,"column":4},"end":{"line":22,"column":4}}},"2":{"name":"retrieveTokens","line":27,"loc":{"start":{"line":27,"column":4},"end":{"line":30,"column":4}}}},"statementMap":{"1":{"start":{"line":20,"column":8},"end":{"line":20,"column":29}},"2":{"start":{"line":21,"column":8},"end":{"line":21,"column":22}},"3":{"start":{"line":28,"column":8},"end":{"line":28,"column":113}},"4":{"start":{"line":29,"column":8},"end":{"line":29,"column":45}}},"branchMap":{"1":{"line":28,"type":"if","locations":[{"start":{"line":28,"column":8},"end":{"line":28,"column":8}},{"start":{"line":28,"column":8},"end":{"line":28,"column":8}}]}}},"contracts\\distributors\\UpgradablePublicSaleDistributor_V1.sol":{"l":{"20":12,"21":12,"28":2,"29":1},"path":"C:\\Users\\VITAL\\Documents\\Projekte\\006 Diversify\\diversify-core\\contracts\\distributors\\UpgradablePublicSaleDistributor_V1.sol","s":{"1":12,"2":12,"3":2,"4":1},"b":{"1":[1,1]},"f":{"1":12,"2":2},"fnMap":{"1":{"name":"initialize","line":19,"loc":{"start":{"line":19,"column":4},"end":{"line":22,"column":4}}},"2":{"name":"retrieveTokens","line":27,"loc":{"start":{"line":27,"column":4},"end":{"line":30,"column":4}}}},"statementMap":{"1":{"start":{"line":20,"column":8},"end":{"line":20,"column":29}},"2":{"start":{"line":21,"column":8},"end":{"line":21,"column":22}},"3":{"start":{"line":28,"column":8},"end":{"line":28,"column":113}},"4":{"start":{"line":29,"column":8},"end":{"line":29,"column":45}}},"branchMap":{"1":{"line":28,"type":"if","locations":[{"start":{"line":28,"column":8},"end":{"line":28,"column":8}},{"start":{"line":28,"column":8},"end":{"line":28,"column":8}}]}}},"contracts\\interfaces\\IERC20UpgradeableBurnable.sol":{"l":{},"path":"C:\\Users\\VITAL\\Documents\\Projekte\\006 Diversify\\diversify-core\\contracts\\interfaces\\IERC20UpgradeableBurnable.sol","s":{},"b":{},"f":{},"fnMap":{},"statementMap":{},"branchMap":{}},"contracts\\mocks\\UpgradableCommunityRewardDistributor_V2_Mock copy.sol":{"l":{"13":1},"path":"C:\\Users\\VITAL\\Documents\\Projekte\\006 Diversify\\diversify-core\\contracts\\mocks\\UpgradableCommunityRewardDistributor_V2_Mock copy.sol","s":{"1":1},"b":{},"f":{"1":1},"fnMap":{"1":{"name":"Amount","line":12,"loc":{"start":{"line":12,"column":4},"end":{"line":14,"column":4}}}},"statementMap":{"1":{"start":{"line":13,"column":8},"end":{"line":13,"column":46}}},"branchMap":{}},"contracts\\mocks\\UpgradableDiversify_V2_Mock.sol":{"l":{"10":1},"path":"C:\\Users\\VITAL\\Documents\\Projekte\\006 Diversify\\diversify-core\\contracts\\mocks\\UpgradableDiversify_V2_Mock.sol","s":{"1":1},"b":{},"f":{"1":1},"fnMap":{"1":{"name":"exampleFunction","line":9,"loc":{"start":{"line":9,"column":4},"end":{"line":11,"column":4}}}},"statementMap":{"1":{"start":{"line":10,"column":8},"end":{"line":10,"column":29}}},"branchMap":{}},"contracts\\mocks\\UpgradablePublicSaleDistributor_V2_Mock.sol":{"l":{"13":1},"path":"C:\\Users\\VITAL\\Documents\\Projekte\\006 Diversify\\diversify-core\\contracts\\mocks\\UpgradablePublicSaleDistributor_V2_Mock.sol","s":{"1":1},"b":{},"f":{"1":1},"fnMap":{"1":{"name":"Amount","line":12,"loc":{"start":{"line":12,"column":4},"end":{"line":14,"column":4}}}},"statementMap":{"1":{"start":{"line":13,"column":8},"end":{"line":13,"column":46}}},"branchMap":{}},"contracts\\sales\\SeedSaleRound.sol":{"l":{"104":54,"111":1,"118":3,"125":7,"132":2,"139":2,"162":17,"163":16,"164":16,"165":16,"166":16,"167":16,"168":16,"170":16,"171":16,"172":16,"173":16,"174":16,"175":16,"176":16,"177":16,"178":16,"179":16,"181":16,"188":6,"189":5,"191":4,"192":4,"193":3,"195":3,"196":3,"197":3,"200":3,"203":3,"205":3,"206":3,"213":4,"214":4,"216":3,"217":1,"218":1,"219":1,"221":1,"222":1,"224":2,"225":2,"233":2,"234":1,"235":1,"236":1,"237":1,"244":0,"245":0,"246":0,"247":0,"248":0,"255":0,"256":0,"257":0,"264":1,"265":1,"266":1,"274":6},"path":"C:\\Users\\VITAL\\Documents\\Projekte\\006 Diversify\\diversify-core\\contracts\\sales\\SeedSaleRound.sol","s":{"1":54,"2":1,"3":3,"4":7,"5":2,"6":2,"7":17,"8":16,"9":16,"10":16,"11":16,"12":16,"13":16,"14":16,"15":16,"16":16,"17":16,"18":16,"19":16,"20":16,"21":16,"22":16,"23":16,"24":16,"25":6,"26":5,"27":4,"28":4,"29":3,"30":3,"31":3,"32":3,"33":3,"34":3,"35":3,"36":3,"37":4,"38":4,"39":3,"40":1,"41":1,"42":1,"43":1,"44":1,"45":2,"46":2,"47":2,"48":1,"49":1,"50":1,"51":1,"52":0,"53":0,"54":0,"55":0,"56":0,"57":0,"58":0,"59":0,"60":1,"61":1,"62":1,"63":6},"b":{"1":[16,1],"2":[16,0],"3":[16,0],"4":[16,0],"5":[16,0],"6":[16,0],"7":[16,0],"8":[5,1],"9":[4,1],"10":[4,0],"11":[3,1],"12":[3,0],"13":[3,0],"14":[3,0],"15":[4,0],"16":[3,1],"17":[1,2],"18":[1,1],"19":[0,0],"20":[0,0],"21":[0,0],"22":[0,0],"23":[1,0],"24":[1,0]},"f":{"1":54,"2":1,"3":3,"4":7,"5":2,"6":2,"7":17,"8":6,"9":4,"10":2,"11":0,"12":0,"13":1,"14":6},"fnMap":{"1":{"name":"constructor","line":103,"loc":{"start":{"line":103,"column":4},"end":{"line":105,"column":4}}},"2":{"name":"token","line":110,"loc":{"start":{"line":110,"column":4},"end":{"line":112,"column":4}}},"3":{"name":"beneficiary","line":117,"loc":{"start":{"line":117,"column":4},"end":{"line":119,"column":4}}},"4":{"name":"rate","line":124,"loc":{"start":{"line":124,"column":4},"end":{"line":126,"column":4}}},"5":{"name":"totalSupply","line":131,"loc":{"start":{"line":131,"column":4},"end":{"line":133,"column":4}}},"6":{"name":"balanceOf","line":138,"loc":{"start":{"line":138,"column":4},"end":{"line":140,"column":4}}},"7":{"name":"setup","line":161,"loc":{"start":{"line":153,"column":4},"end":{"line":182,"column":4}}},"8":{"name":"buyTokens","line":187,"loc":{"start":{"line":187,"column":4},"end":{"line":207,"column":4}}},"9":{"name":"close","line":212,"loc":{"start":{"line":212,"column":4},"end":{"line":227,"column":4}}},"10":{"name":"claimRefund","line":232,"loc":{"start":{"line":232,"column":4},"end":{"line":238,"column":4}}},"11":{"name":"retrieveFreezedTokens","line":243,"loc":{"start":{"line":243,"column":4},"end":{"line":249,"column":4}}},"12":{"name":"retrieveTokens","line":254,"loc":{"start":{"line":254,"column":4},"end":{"line":258,"column":4}}},"13":{"name":"retrieveETH","line":263,"loc":{"start":{"line":263,"column":4},"end":{"line":267,"column":4}}},"14":{"name":"_getMomoAmount","line":273,"loc":{"start":{"line":273,"column":4},"end":{"line":275,"column":4}}}},"statementMap":{"1":{"start":{"line":104,"column":8},"end":{"line":104,"column":27}},"2":{"start":{"line":111,"column":8},"end":{"line":111,"column":21}},"3":{"start":{"line":118,"column":8},"end":{"line":118,"column":27}},"4":{"start":{"line":125,"column":8},"end":{"line":125,"column":20}},"5":{"start":{"line":132,"column":8},"end":{"line":132,"column":27}},"6":{"start":{"line":139,"column":8},"end":{"line":139,"column":50}},"7":{"start":{"line":162,"column":8},"end":{"line":162,"column":61}},"8":{"start":{"line":163,"column":8},"end":{"line":163,"column":42}},"9":{"start":{"line":164,"column":8},"end":{"line":164,"column":29}},"10":{"start":{"line":165,"column":8},"end":{"line":165,"column":66}},"11":{"start":{"line":166,"column":8},"end":{"line":166,"column":51}},"12":{"start":{"line":167,"column":8},"end":{"line":167,"column":25}},"13":{"start":{"line":168,"column":8},"end":{"line":168,"column":28}},"14":{"start":{"line":170,"column":8},"end":{"line":170,"column":34}},"15":{"start":{"line":171,"column":8},"end":{"line":171,"column":28}},"16":{"start":{"line":172,"column":8},"end":{"line":172,"column":38}},"17":{"start":{"line":173,"column":8},"end":{"line":173,"column":22}},"18":{"start":{"line":174,"column":8},"end":{"line":174,"column":20}},"19":{"start":{"line":175,"column":8},"end":{"line":175,"column":30}},"20":{"start":{"line":176,"column":8},"end":{"line":176,"column":53}},"21":{"start":{"line":177,"column":8},"end":{"line":177,"column":45}},"22":{"start":{"line":178,"column":8},"end":{"line":178,"column":26}},"23":{"start":{"line":179,"column":8},"end":{"line":179,"column":28}},"24":{"start":{"line":181,"column":8},"end":{"line":181,"column":88}},"25":{"start":{"line":188,"column":8},"end":{"line":188,"column":59}},"26":{"start":{"line":189,"column":8},"end":{"line":189,"column":68}},"27":{"start":{"line":191,"column":8},"end":{"line":191,"column":61}},"28":{"start":{"line":192,"column":8},"end":{"line":192,"column":80}},"29":{"start":{"line":193,"column":8},"end":{"line":193,"column":80}},"30":{"start":{"line":195,"column":8},"end":{"line":195,"column":37}},"31":{"start":{"line":196,"column":8},"end":{"line":196,"column":57}},"32":{"start":{"line":197,"column":8},"end":{"line":197,"column":89}},"33":{"start":{"line":200,"column":8},"end":{"line":200,"column":50}},"34":{"start":{"line":203,"column":8},"end":{"line":203,"column":30}},"35":{"start":{"line":205,"column":8},"end":{"line":205,"column":68}},"36":{"start":{"line":206,"column":8},"end":{"line":206,"column":60}},"37":{"start":{"line":213,"column":8},"end":{"line":213,"column":38}},"38":{"start":{"line":214,"column":8},"end":{"line":214,"column":85}},"39":{"start":{"line":216,"column":8},"end":{"line":216,"column":6504}},"40":{"start":{"line":217,"column":12},"end":{"line":217,"column":32}},"41":{"start":{"line":218,"column":12},"end":{"line":218,"column":25}},"42":{"start":{"line":219,"column":12},"end":{"line":219,"column":46}},"43":{"start":{"line":221,"column":12},"end":{"line":221,"column":58}},"44":{"start":{"line":222,"column":12},"end":{"line":222,"column":49}},"45":{"start":{"line":224,"column":12},"end":{"line":224,"column":35}},"46":{"start":{"line":225,"column":12},"end":{"line":225,"column":33}},"47":{"start":{"line":233,"column":8},"end":{"line":233,"column":63}},"48":{"start":{"line":234,"column":8},"end":{"line":234,"column":50}},"49":{"start":{"line":235,"column":8},"end":{"line":235,"column":30}},"50":{"start":{"line":236,"column":8},"end":{"line":236,"column":38}},"51":{"start":{"line":237,"column":8},"end":{"line":237,"column":45}},"52":{"start":{"line":244,"column":8},"end":{"line":244,"column":57}},"53":{"start":{"line":245,"column":8},"end":{"line":245,"column":109}},"54":{"start":{"line":246,"column":8},"end":{"line":246,"column":68}},"55":{"start":{"line":247,"column":8},"end":{"line":247,"column":34}},"56":{"start":{"line":248,"column":8},"end":{"line":248,"column":48}},"57":{"start":{"line":255,"column":8},"end":{"line":255,"column":113}},"58":{"start":{"line":256,"column":8},"end":{"line":256,"column":86}},"59":{"start":{"line":257,"column":8},"end":{"line":257,"column":45}},"60":{"start":{"line":264,"column":8},"end":{"line":264,"column":81}},"61":{"start":{"line":265,"column":8},"end":{"line":265,"column":86}},"62":{"start":{"line":266,"column":8},"end":{"line":266,"column":28}},"63":{"start":{"line":274,"column":8},"end":{"line":274,"column":34}}},"branchMap":{"1":{"line":162,"type":"if","locations":[{"start":{"line":162,"column":8},"end":{"line":162,"column":8}},{"start":{"line":162,"column":8},"end":{"line":162,"column":8}}]},"2":{"line":163,"type":"if","locations":[{"start":{"line":163,"column":8},"end":{"line":163,"column":8}},{"start":{"line":163,"column":8},"end":{"line":163,"column":8}}]},"3":{"line":164,"type":"if","locations":[{"start":{"line":164,"column":8},"end":{"line":164,"column":8}},{"start":{"line":164,"column":8},"end":{"line":164,"column":8}}]},"4":{"line":165,"type":"if","locations":[{"start":{"line":165,"column":8},"end":{"line":165,"column":8}},{"start":{"line":165,"column":8},"end":{"line":165,"column":8}}]},"5":{"line":166,"type":"if","locations":[{"start":{"line":166,"column":8},"end":{"line":166,"column":8}},{"start":{"line":166,"column":8},"end":{"line":166,"column":8}}]},"6":{"line":167,"type":"if","locations":[{"start":{"line":167,"column":8},"end":{"line":167,"column":8}},{"start":{"line":167,"column":8},"end":{"line":167,"column":8}}]},"7":{"line":168,"type":"if","locations":[{"start":{"line":168,"column":8},"end":{"line":168,"column":8}},{"start":{"line":168,"column":8},"end":{"line":168,"column":8}}]},"8":{"line":188,"type":"if","locations":[{"start":{"line":188,"column":8},"end":{"line":188,"column":8}},{"start":{"line":188,"column":8},"end":{"line":188,"column":8}}]},"9":{"line":189,"type":"if","locations":[{"start":{"line":189,"column":8},"end":{"line":189,"column":8}},{"start":{"line":189,"column":8},"end":{"line":189,"column":8}}]},"10":{"line":191,"type":"if","locations":[{"start":{"line":191,"column":8},"end":{"line":191,"column":8}},{"start":{"line":191,"column":8},"end":{"line":191,"column":8}}]},"11":{"line":192,"type":"if","locations":[{"start":{"line":192,"column":8},"end":{"line":192,"column":8}},{"start":{"line":192,"column":8},"end":{"line":192,"column":8}}]},"12":{"line":193,"type":"if","locations":[{"start":{"line":193,"column":8},"end":{"line":193,"column":8}},{"start":{"line":193,"column":8},"end":{"line":193,"column":8}}]},"13":{"line":196,"type":"if","locations":[{"start":{"line":196,"column":8},"end":{"line":196,"column":8}},{"start":{"line":196,"column":8},"end":{"line":196,"column":8}}]},"14":{"line":197,"type":"if","locations":[{"start":{"line":197,"column":8},"end":{"line":197,"column":8}},{"start":{"line":197,"column":8},"end":{"line":197,"column":8}}]},"15":{"line":213,"type":"if","locations":[{"start":{"line":213,"column":8},"end":{"line":213,"column":8}},{"start":{"line":213,"column":8},"end":{"line":213,"column":8}}]},"16":{"line":214,"type":"if","locations":[{"start":{"line":214,"column":8},"end":{"line":214,"column":8}},{"start":{"line":214,"column":8},"end":{"line":214,"column":8}}]},"17":{"line":216,"type":"if","locations":[{"start":{"line":216,"column":8},"end":{"line":216,"column":8}},{"start":{"line":216,"column":8},"end":{"line":216,"column":8}}]},"18":{"line":233,"type":"if","locations":[{"start":{"line":233,"column":8},"end":{"line":233,"column":8}},{"start":{"line":233,"column":8},"end":{"line":233,"column":8}}]},"19":{"line":244,"type":"if","locations":[{"start":{"line":244,"column":8},"end":{"line":244,"column":8}},{"start":{"line":244,"column":8},"end":{"line":244,"column":8}}]},"20":{"line":245,"type":"if","locations":[{"start":{"line":245,"column":8},"end":{"line":245,"column":8}},{"start":{"line":245,"column":8},"end":{"line":245,"column":8}}]},"21":{"line":255,"type":"if","locations":[{"start":{"line":255,"column":8},"end":{"line":255,"column":8}},{"start":{"line":255,"column":8},"end":{"line":255,"column":8}}]},"22":{"line":256,"type":"if","locations":[{"start":{"line":256,"column":8},"end":{"line":256,"column":8}},{"start":{"line":256,"column":8},"end":{"line":256,"column":8}}]},"23":{"line":264,"type":"if","locations":[{"start":{"line":264,"column":8},"end":{"line":264,"column":8}},{"start":{"line":264,"column":8},"end":{"line":264,"column":8}}]},"24":{"line":265,"type":"if","locations":[{"start":{"line":265,"column":8},"end":{"line":265,"column":8}},{"start":{"line":265,"column":8},"end":{"line":265,"column":8}}]}}},"contracts\\token\\UpgradableDiversify_V1.sol":{"l":{"42":219,"43":219,"47":219,"48":369,"52":219,"53":219,"62":6,"63":4,"78":2,"79":2,"80":1,"83":1,"84":1,"91":3,"98":3,"105":1,"112":4,"119":2,"120":2,"121":2,"128":3,"129":2,"130":2,"131":2,"138":2,"149":49,"150":49,"151":49,"152":48,"154":48,"155":1,"157":48,"159":49,"160":49,"161":49,"168":55,"169":53,"170":53},"path":"C:\\Users\\VITAL\\Documents\\Projekte\\006 Diversify\\diversify-core\\contracts\\token\\UpgradableDiversify_V1.sol","s":{"1":219,"2":219,"3":219,"4":369,"5":219,"6":219,"7":6,"8":4,"9":2,"10":2,"11":1,"12":1,"13":3,"14":3,"15":1,"16":4,"17":2,"18":2,"19":2,"20":3,"21":2,"22":2,"23":2,"24":2,"25":49,"26":49,"27":49,"28":48,"29":48,"30":1,"31":48,"32":49,"33":49,"34":49,"35":55,"36":53,"37":53},"b":{"1":[1,1],"2":[2,1],"3":[48,1],"4":[1,47],"5":[53,2]},"f":{"1":219,"2":6,"3":2,"4":3,"5":3,"6":1,"7":4,"8":2,"9":3,"10":2,"11":49,"12":55},"fnMap":{"1":{"name":"initialize","line":41,"loc":{"start":{"line":37,"column":4},"end":{"line":54,"column":4}}},"2":{"name":"burn","line":61,"loc":{"start":{"line":61,"column":4},"end":{"line":64,"column":4}}},"3":{"name":"burnFrom","line":77,"loc":{"start":{"line":77,"column":4},"end":{"line":85,"column":4}}},"4":{"name":"foundationWallet","line":90,"loc":{"start":{"line":90,"column":4},"end":{"line":92,"column":4}}},"5":{"name":"foundationRate","line":97,"loc":{"start":{"line":97,"column":4},"end":{"line":99,"column":4}}},"6":{"name":"amountFounded","line":104,"loc":{"start":{"line":104,"column":4},"end":{"line":106,"column":4}}},"7":{"name":"amountBurned","line":111,"loc":{"start":{"line":111,"column":4},"end":{"line":113,"column":4}}},"8":{"name":"setFoundationWallet","line":118,"loc":{"start":{"line":118,"column":4},"end":{"line":122,"column":4}}},"9":{"name":"setFoundationRate","line":127,"loc":{"start":{"line":127,"column":4},"end":{"line":132,"column":4}}},"10":{"name":"burnStopSupply","line":137,"loc":{"start":{"line":137,"column":4},"end":{"line":139,"column":4}}},"11":{"name":"_transfer","line":144,"loc":{"start":{"line":144,"column":4},"end":{"line":162,"column":4}}},"12":{"name":"_burn","line":167,"loc":{"start":{"line":167,"column":4},"end":{"line":171,"column":4}}}},"statementMap":{"1":{"start":{"line":42,"column":8},"end":{"line":42,"column":39}},"2":{"start":{"line":43,"column":8},"end":{"line":43,"column":23}},"3":{"start":{"line":47,"column":8},"end":{"line":47,"column":1690}},"4":{"start":{"line":48,"column":12},"end":{"line":48,"column":51}},"5":{"start":{"line":52,"column":8},"end":{"line":52,"column":27}},"6":{"start":{"line":53,"column":8},"end":{"line":53,"column":34}},"7":{"start":{"line":62,"column":8},"end":{"line":62,"column":34}},"8":{"start":{"line":63,"column":8},"end":{"line":63,"column":19}},"9":{"start":{"line":78,"column":8},"end":{"line":78,"column":67}},"10":{"start":{"line":79,"column":8},"end":{"line":79,"column":82}},"11":{"start":{"line":83,"column":8},"end":{"line":83,"column":29}},"12":{"start":{"line":84,"column":8},"end":{"line":84,"column":19}},"13":{"start":{"line":91,"column":8},"end":{"line":91,"column":32}},"14":{"start":{"line":98,"column":8},"end":{"line":98,"column":30}},"15":{"start":{"line":105,"column":8},"end":{"line":105,"column":29}},"16":{"start":{"line":112,"column":8},"end":{"line":112,"column":28}},"17":{"start":{"line":119,"column":8},"end":{"line":119,"column":45}},"18":{"start":{"line":120,"column":8},"end":{"line":120,"column":36}},"19":{"start":{"line":121,"column":8},"end":{"line":121,"column":58}},"20":{"start":{"line":128,"column":8},"end":{"line":128,"column":45}},"21":{"start":{"line":129,"column":8},"end":{"line":129,"column":41}},"22":{"start":{"line":130,"column":8},"end":{"line":130,"column":32}},"23":{"start":{"line":131,"column":8},"end":{"line":131,"column":52}},"24":{"start":{"line":138,"column":8},"end":{"line":138,"column":31}},"25":{"start":{"line":149,"column":8},"end":{"line":149,"column":58}},"26":{"start":{"line":150,"column":8},"end":{"line":150,"column":25}},"27":{"start":{"line":151,"column":8},"end":{"line":151,"column":4783}},"28":{"start":{"line":152,"column":12},"end":{"line":152,"column":30}},"29":{"start":{"line":154,"column":12},"end":{"line":154,"column":4924}},"30":{"start":{"line":155,"column":16},"end":{"line":155,"column":55}},"31":{"start":{"line":157,"column":12},"end":{"line":157,"column":29}},"32":{"start":{"line":159,"column":8},"end":{"line":159,"column":55}},"33":{"start":{"line":160,"column":8},"end":{"line":160,"column":56}},"34":{"start":{"line":161,"column":8},"end":{"line":161,"column":31}},"35":{"start":{"line":168,"column":8},"end":{"line":168,"column":97}},"36":{"start":{"line":169,"column":8},"end":{"line":169,"column":35}},"37":{"start":{"line":170,"column":8},"end":{"line":170,"column":30}}},"branchMap":{"1":{"line":79,"type":"if","locations":[{"start":{"line":79,"column":8},"end":{"line":79,"column":8}},{"start":{"line":79,"column":8},"end":{"line":79,"column":8}}]},"2":{"line":128,"type":"if","locations":[{"start":{"line":128,"column":8},"end":{"line":128,"column":8}},{"start":{"line":128,"column":8},"end":{"line":128,"column":8}}]},"3":{"line":151,"type":"if","locations":[{"start":{"line":151,"column":8},"end":{"line":151,"column":8}},{"start":{"line":151,"column":8},"end":{"line":151,"column":8}}]},"4":{"line":154,"type":"if","locations":[{"start":{"line":154,"column":12},"end":{"line":154,"column":12}},{"start":{"line":154,"column":12},"end":{"line":154,"column":12}}]},"5":{"line":168,"type":"if","locations":[{"start":{"line":168,"column":8},"end":{"line":168,"column":8}},{"start":{"line":168,"column":8},"end":{"line":168,"column":8}}]}}},"contracts\\utils\\RetrieveTokensFeature.sol":{"l":{"18":3,"19":3,"26":1},"path":"C:\\Users\\VITAL\\Documents\\Projekte\\006 Diversify\\diversify-core\\contracts\\utils\\RetrieveTokensFeature.sol","s":{"1":3,"2":3,"3":1},"b":{},"f":{"1":3,"2":1},"fnMap":{"1":{"name":"retrieveTokens","line":17,"loc":{"start":{"line":17,"column":4},"end":{"line":20,"column":4}}},"2":{"name":"retrieveETH","line":25,"loc":{"start":{"line":25,"column":4},"end":{"line":27,"column":4}}}},"statementMap":{"1":{"start":{"line":18,"column":8},"end":{"line":18,"column":48}},"2":{"start":{"line":19,"column":8},"end":{"line":19,"column":71}},"3":{"start":{"line":26,"column":8},"end":{"line":26,"column":41}}},"branchMap":{}},"contracts\\utils\\UpgradableRetrieveTokensFeature.sol":{"l":{"18":24,"25":2,"26":2,"33":0},"path":"C:\\Users\\VITAL\\Documents\\Projekte\\006 Diversify\\diversify-core\\contracts\\utils\\UpgradableRetrieveTokensFeature.sol","s":{"1":24,"2":2,"3":2,"4":0},"b":{},"f":{"1":24,"2":2,"3":0},"fnMap":{"1":{"name":"__RetrieveToken_init","line":17,"loc":{"start":{"line":17,"column":4},"end":{"line":19,"column":4}}},"2":{"name":"retrieveTokens","line":24,"loc":{"start":{"line":24,"column":4},"end":{"line":27,"column":4}}},"3":{"name":"retrieveETH","line":32,"loc":{"start":{"line":32,"column":4},"end":{"line":34,"column":4}}}},"statementMap":{"1":{"start":{"line":18,"column":8},"end":{"line":18,"column":23}},"2":{"start":{"line":25,"column":8},"end":{"line":25,"column":48}},"3":{"start":{"line":26,"column":8},"end":{"line":26,"column":71}},"4":{"start":{"line":33,"column":8},"end":{"line":33,"column":41}}},"branchMap":{}},"contracts\\vaults\\TimelockedIntervalReleasedTokenVault.sol":{"l":{"27":18,"34":65,"35":65,"36":65,"37":4,"39":61,"40":61,"41":61,"42":61,"43":61,"44":61,"46":65,"53":33,"54":32,"55":32,"56":31,"57":31},"path":"C:\\Users\\VITAL\\Documents\\Projekte\\006 Diversify\\diversify-core\\contracts\\vaults\\TimelockedIntervalReleasedTokenVault.sol","s":{"1":18,"2":65,"3":65,"4":65,"5":4,"6":61,"7":61,"8":61,"9":61,"10":61,"11":61,"12":65,"13":33,"14":32,"15":32,"16":31,"17":31},"b":{"1":[65,0],"2":[4,61],"3":[32,1],"4":[31,1]},"f":{"1":18,"2":65,"3":33},"fnMap":{"1":{"name":"constructor","line":26,"loc":{"start":{"line":22,"column":4},"end":{"line":28,"column":4}}},"2":{"name":"availableAmount","line":33,"loc":{"start":{"line":33,"column":4},"end":{"line":47,"column":4}}},"3":{"name":"retrieveLockedTokens","line":52,"loc":{"start":{"line":52,"column":4},"end":{"line":58,"column":4}}}},"statementMap":{"1":{"start":{"line":27,"column":8},"end":{"line":27,"column":28}},"2":{"start":{"line":34,"column":8},"end":{"line":34,"column":24}},"3":{"start":{"line":35,"column":8},"end":{"line":35,"column":36}},"4":{"start":{"line":36,"column":8},"end":{"line":36,"column":1009}},"5":{"start":{"line":37,"column":12},"end":{"line":37,"column":61}},"6":{"start":{"line":39,"column":12},"end":{"line":39,"column":49}},"7":{"start":{"line":40,"column":12},"end":{"line":40,"column":56}},"8":{"start":{"line":41,"column":12},"end":{"line":41,"column":65}},"9":{"start":{"line":42,"column":12},"end":{"line":42,"column":58}},"10":{"start":{"line":43,"column":12},"end":{"line":43,"column":73}},"11":{"start":{"line":44,"column":12},"end":{"line":44,"column":75}},"12":{"start":{"line":46,"column":8},"end":{"line":46,"column":31}},"13":{"start":{"line":53,"column":8},"end":{"line":53,"column":44}},"14":{"start":{"line":54,"column":8},"end":{"line":54,"column":52}},"15":{"start":{"line":55,"column":8},"end":{"line":55,"column":90}},"16":{"start":{"line":56,"column":8},"end":{"line":56,"column":61}},"17":{"start":{"line":57,"column":8},"end":{"line":57,"column":59}}},"branchMap":{"1":{"line":34,"type":"if","locations":[{"start":{"line":34,"column":8},"end":{"line":34,"column":8}},{"start":{"line":34,"column":8},"end":{"line":34,"column":8}}]},"2":{"line":36,"type":"if","locations":[{"start":{"line":36,"column":8},"end":{"line":36,"column":8}},{"start":{"line":36,"column":8},"end":{"line":36,"column":8}}]},"3":{"line":53,"type":"if","locations":[{"start":{"line":53,"column":8},"end":{"line":53,"column":8}},{"start":{"line":53,"column":8},"end":{"line":53,"column":8}}]},"4":{"line":55,"type":"if","locations":[{"start":{"line":55,"column":8},"end":{"line":55,"column":8}},{"start":{"line":55,"column":8},"end":{"line":55,"column":8}}]}}},"contracts\\vaults\\TimelockedTokenVault.sol":{"l":{"38":72,"39":72,"40":72,"47":18,"48":17,"49":17,"50":17,"51":17,"52":17,"59":1,"66":33,"73":2,"80":1,"87":1,"94":1,"101":1,"108":2,"115":3,"116":2,"118":1,"119":1,"126":3,"127":2},"path":"C:\\Users\\VITAL\\Documents\\Projekte\\006 Diversify\\diversify-core\\contracts\\vaults\\TimelockedTokenVault.sol","s":{"1":72,"2":72,"3":72,"4":18,"5":17,"6":17,"7":17,"8":17,"9":17,"10":1,"11":33,"12":2,"13":1,"14":1,"15":1,"16":1,"17":2,"18":3,"19":2,"20":1,"21":1,"22":3,"23":2},"b":{"1":[17,1],"2":[17,0],"3":[2,1],"4":[1,1],"5":[2,1]},"f":{"1":72,"2":18,"3":1,"4":33,"5":2,"6":1,"7":1,"8":1,"9":1,"10":2,"11":3,"12":3},"fnMap":{"1":{"name":"constructor","line":37,"loc":{"start":{"line":37,"column":4},"end":{"line":41,"column":4}}},"2":{"name":"start","line":46,"loc":{"start":{"line":46,"column":4},"end":{"line":53,"column":4}}},"3":{"name":"duration","line":58,"loc":{"start":{"line":58,"column":4},"end":{"line":60,"column":4}}},"4":{"name":"beneficiary","line":65,"loc":{"start":{"line":65,"column":4},"end":{"line":67,"column":4}}},"5":{"name":"started","line":72,"loc":{"start":{"line":72,"column":4},"end":{"line":74,"column":4}}},"6":{"name":"retrievedTokens","line":79,"loc":{"start":{"line":79,"column":4},"end":{"line":81,"column":4}}},"7":{"name":"token","line":86,"loc":{"start":{"line":86,"column":4},"end":{"line":88,"column":4}}},"8":{"name":"startBalance","line":93,"loc":{"start":{"line":93,"column":4},"end":{"line":95,"column":4}}},"9":{"name":"startDate","line":100,"loc":{"start":{"line":100,"column":4},"end":{"line":102,"column":4}}},"10":{"name":"endDate","line":107,"loc":{"start":{"line":107,"column":4},"end":{"line":109,"column":4}}},"11":{"name":"retrieveLockedTokens","line":114,"loc":{"start":{"line":114,"column":4},"end":{"line":120,"column":4}}},"12":{"name":"retrieveTokens","line":125,"loc":{"start":{"line":125,"column":4},"end":{"line":128,"column":4}}}},"statementMap":{"1":{"start":{"line":38,"column":8},"end":{"line":38,"column":34}},"2":{"start":{"line":39,"column":8},"end":{"line":39,"column":28}},"3":{"start":{"line":40,"column":8},"end":{"line":40,"column":27}},"4":{"start":{"line":47,"column":8},"end":{"line":47,"column":49}},"5":{"start":{"line":48,"column":8},"end":{"line":48,"column":66}},"6":{"start":{"line":49,"column":8},"end":{"line":49,"column":22}},"7":{"start":{"line":50,"column":8},"end":{"line":50,"column":35}},"8":{"start":{"line":51,"column":8},"end":{"line":51,"column":54}},"9":{"start":{"line":52,"column":8},"end":{"line":52,"column":22}},"10":{"start":{"line":59,"column":8},"end":{"line":59,"column":24}},"11":{"start":{"line":66,"column":8},"end":{"line":66,"column":27}},"12":{"start":{"line":73,"column":8},"end":{"line":73,"column":23}},"13":{"start":{"line":80,"column":8},"end":{"line":80,"column":31}},"14":{"start":{"line":87,"column":8},"end":{"line":87,"column":21}},"15":{"start":{"line":94,"column":8},"end":{"line":94,"column":28}},"16":{"start":{"line":101,"column":8},"end":{"line":101,"column":25}},"17":{"start":{"line":108,"column":8},"end":{"line":108,"column":37}},"18":{"start":{"line":115,"column":8},"end":{"line":115,"column":44}},"19":{"start":{"line":116,"column":8},"end":{"line":116,"column":65}},"20":{"start":{"line":118,"column":8},"end":{"line":118,"column":66}},"21":{"start":{"line":119,"column":8},"end":{"line":119,"column":59}},"22":{"start":{"line":126,"column":8},"end":{"line":126,"column":100}},"23":{"start":{"line":127,"column":8},"end":{"line":127,"column":45}}},"branchMap":{"1":{"line":47,"type":"if","locations":[{"start":{"line":47,"column":8},"end":{"line":47,"column":8}},{"start":{"line":47,"column":8},"end":{"line":47,"column":8}}]},"2":{"line":48,"type":"if","locations":[{"start":{"line":48,"column":8},"end":{"line":48,"column":8}},{"start":{"line":48,"column":8},"end":{"line":48,"column":8}}]},"3":{"line":115,"type":"if","locations":[{"start":{"line":115,"column":8},"end":{"line":115,"column":8}},{"start":{"line":115,"column":8},"end":{"line":115,"column":8}}]},"4":{"line":116,"type":"if","locations":[{"start":{"line":116,"column":8},"end":{"line":116,"column":8}},{"start":{"line":116,"column":8},"end":{"line":116,"column":8}}]},"5":{"line":126,"type":"if","locations":[{"start":{"line":126,"column":8},"end":{"line":126,"column":8}},{"start":{"line":126,"column":8},"end":{"line":126,"column":8}}]}}}}