{"contracts\\distributors\\UpgradableCommunityRewardDistributor_V1.sol":{"l":{"20":0,"27":0,"28":0},"path":"C:\\Users\\VITAL\\Documents\\Projekte\\006 Diversify\\diversify-core\\contracts\\distributors\\UpgradableCommunityRewardDistributor_V1.sol","s":{"1":0,"2":0,"3":0},"b":{"1":[0,0]},"f":{"1":0,"2":0},"fnMap":{"1":{"name":"initialize","line":19,"loc":{"start":{"line":19,"column":4},"end":{"line":21,"column":4}}},"2":{"name":"retrieveTokens","line":26,"loc":{"start":{"line":26,"column":4},"end":{"line":29,"column":4}}}},"statementMap":{"1":{"start":{"line":20,"column":8},"end":{"line":20,"column":22}},"2":{"start":{"line":27,"column":8},"end":{"line":27,"column":113}},"3":{"start":{"line":28,"column":8},"end":{"line":28,"column":45}}},"branchMap":{"1":{"line":27,"type":"if","locations":[{"start":{"line":27,"column":8},"end":{"line":27,"column":8}},{"start":{"line":27,"column":8},"end":{"line":27,"column":8}}]}}},"contracts\\distributors\\UpgradablePublicSaleDistributor_V1.sol":{"l":{"20":0,"27":0,"28":0},"path":"C:\\Users\\VITAL\\Documents\\Projekte\\006 Diversify\\diversify-core\\contracts\\distributors\\UpgradablePublicSaleDistributor_V1.sol","s":{"1":0,"2":0,"3":0},"b":{"1":[0,0]},"f":{"1":0,"2":0},"fnMap":{"1":{"name":"initialize","line":19,"loc":{"start":{"line":19,"column":4},"end":{"line":21,"column":4}}},"2":{"name":"retrieveTokens","line":26,"loc":{"start":{"line":26,"column":4},"end":{"line":29,"column":4}}}},"statementMap":{"1":{"start":{"line":20,"column":8},"end":{"line":20,"column":22}},"2":{"start":{"line":27,"column":8},"end":{"line":27,"column":113}},"3":{"start":{"line":28,"column":8},"end":{"line":28,"column":45}}},"branchMap":{"1":{"line":27,"type":"if","locations":[{"start":{"line":27,"column":8},"end":{"line":27,"column":8}},{"start":{"line":27,"column":8},"end":{"line":27,"column":8}}]}}},"contracts\\interfaces\\IERC20UpgradeableBurnable.sol":{"l":{},"path":"C:\\Users\\VITAL\\Documents\\Projekte\\006 Diversify\\diversify-core\\contracts\\interfaces\\IERC20UpgradeableBurnable.sol","s":{},"b":{},"f":{},"fnMap":{},"statementMap":{},"branchMap":{}},"contracts\\mocks\\DiversifyMock.sol":{"l":{"10":1},"path":"C:\\Users\\VITAL\\Documents\\Projekte\\006 Diversify\\diversify-core\\contracts\\mocks\\DiversifyMock.sol","s":{"1":1},"b":{},"f":{"1":1},"fnMap":{"1":{"name":"exampleFunction","line":9,"loc":{"start":{"line":9,"column":4},"end":{"line":11,"column":4}}}},"statementMap":{"1":{"start":{"line":10,"column":8},"end":{"line":10,"column":29}}},"branchMap":{}},"contracts\\sales\\SeedSaleRound.sol":{"l":{"104":0,"105":0,"107":0,"108":0,"109":0,"110":0,"124":0,"125":0,"126":0,"127":0,"128":0,"130":0,"131":0,"132":0,"133":0,"134":0,"135":0,"136":0,"138":0,"145":0,"152":0,"159":0,"166":0,"173":0,"180":0,"181":0,"182":0,"183":0,"184":0,"185":0,"188":0,"191":0,"193":0,"194":0,"201":0,"202":0,"204":0,"205":0,"206":0,"207":0,"209":0,"210":0,"212":0,"213":0,"221":0,"222":0,"223":0,"224":0,"225":0,"232":0,"233":0,"234":0,"235":0,"236":0,"243":0,"244":0,"245":0,"252":0,"253":0,"254":0,"262":0},"path":"C:\\Users\\VITAL\\Documents\\Projekte\\006 Diversify\\diversify-core\\contracts\\sales\\SeedSaleRound.sol","s":{"1":0,"2":0,"3":0,"4":0,"5":0,"6":0,"7":0,"8":0,"9":0,"10":0,"11":0,"12":0,"13":0,"14":0,"15":0,"16":0,"17":0,"18":0,"19":0,"20":0,"21":0,"22":0,"23":0,"24":0,"25":0,"26":0,"27":0,"28":0,"29":0,"30":0,"31":0,"32":0,"33":0,"34":0,"35":0,"36":0,"37":0,"38":0,"39":0,"40":0,"41":0,"42":0,"43":0,"44":0,"45":0,"46":0,"47":0,"48":0,"49":0,"50":0,"51":0,"52":0,"53":0,"54":0,"55":0,"56":0,"57":0,"58":0,"59":0,"60":0,"61":0},"b":{"1":[0,0],"2":[0,0],"3":[0,0],"4":[0,0],"5":[0,0],"6":[0,0],"7":[0,0],"8":[0,0],"9":[0,0],"10":[0,0],"11":[0,0],"12":[0,0],"13":[0,0],"14":[0,0],"15":[0,0],"16":[0,0],"17":[0,0],"18":[0,0],"19":[0,0],"20":[0,0],"21":[0,0],"22":[0,0]},"f":{"1":0,"2":0,"3":0,"4":0,"5":0,"6":0,"7":0,"8":0,"9":0,"10":0,"11":0,"12":0,"13":0,"14":0},"fnMap":{"1":{"name":"constructor","line":98,"loc":{"start":{"line":98,"column":4},"end":{"line":111,"column":4}}},"2":{"name":"start","line":123,"loc":{"start":{"line":119,"column":4},"end":{"line":139,"column":4}}},"3":{"name":"token","line":144,"loc":{"start":{"line":144,"column":4},"end":{"line":146,"column":4}}},"4":{"name":"beneficiary","line":151,"loc":{"start":{"line":151,"column":4},"end":{"line":153,"column":4}}},"5":{"name":"rate","line":158,"loc":{"start":{"line":158,"column":4},"end":{"line":160,"column":4}}},"6":{"name":"totalSupply","line":165,"loc":{"start":{"line":165,"column":4},"end":{"line":167,"column":4}}},"7":{"name":"balanceOf","line":172,"loc":{"start":{"line":172,"column":4},"end":{"line":174,"column":4}}},"8":{"name":"buyTokens","line":179,"loc":{"start":{"line":179,"column":4},"end":{"line":195,"column":4}}},"9":{"name":"close","line":200,"loc":{"start":{"line":200,"column":4},"end":{"line":215,"column":4}}},"10":{"name":"claimRefund","line":220,"loc":{"start":{"line":220,"column":4},"end":{"line":226,"column":4}}},"11":{"name":"retrieveFreezedTokens","line":231,"loc":{"start":{"line":231,"column":4},"end":{"line":237,"column":4}}},"12":{"name":"retrieveTokens","line":242,"loc":{"start":{"line":242,"column":4},"end":{"line":246,"column":4}}},"13":{"name":"retrieveETH","line":251,"loc":{"start":{"line":251,"column":4},"end":{"line":255,"column":4}}},"14":{"name":"_getMomoAmount","line":261,"loc":{"start":{"line":261,"column":4},"end":{"line":263,"column":4}}}},"statementMap":{"1":{"start":{"line":104,"column":8},"end":{"line":104,"column":42}},"2":{"start":{"line":105,"column":8},"end":{"line":105,"column":29}},"3":{"start":{"line":107,"column":8},"end":{"line":107,"column":34}},"4":{"start":{"line":108,"column":8},"end":{"line":108,"column":37}},"5":{"start":{"line":109,"column":8},"end":{"line":109,"column":27}},"6":{"start":{"line":110,"column":8},"end":{"line":110,"column":47}},"7":{"start":{"line":124,"column":8},"end":{"line":124,"column":66}},"8":{"start":{"line":125,"column":8},"end":{"line":125,"column":51}},"9":{"start":{"line":126,"column":8},"end":{"line":126,"column":61}},"10":{"start":{"line":127,"column":8},"end":{"line":127,"column":25}},"11":{"start":{"line":128,"column":8},"end":{"line":128,"column":28}},"12":{"start":{"line":130,"column":8},"end":{"line":130,"column":22}},"13":{"start":{"line":131,"column":8},"end":{"line":131,"column":20}},"14":{"start":{"line":132,"column":8},"end":{"line":132,"column":28}},"15":{"start":{"line":133,"column":8},"end":{"line":133,"column":35}},"16":{"start":{"line":134,"column":8},"end":{"line":134,"column":53}},"17":{"start":{"line":135,"column":8},"end":{"line":135,"column":45}},"18":{"start":{"line":136,"column":8},"end":{"line":136,"column":26}},"19":{"start":{"line":138,"column":8},"end":{"line":138,"column":78}},"20":{"start":{"line":145,"column":8},"end":{"line":145,"column":21}},"21":{"start":{"line":152,"column":8},"end":{"line":152,"column":27}},"22":{"start":{"line":159,"column":8},"end":{"line":159,"column":20}},"23":{"start":{"line":166,"column":8},"end":{"line":166,"column":27}},"24":{"start":{"line":173,"column":8},"end":{"line":173,"column":34}},"25":{"start":{"line":180,"column":8},"end":{"line":180,"column":37}},"26":{"start":{"line":181,"column":8},"end":{"line":181,"column":38}},"27":{"start":{"line":182,"column":8},"end":{"line":182,"column":80}},"28":{"start":{"line":183,"column":8},"end":{"line":183,"column":42}},"29":{"start":{"line":184,"column":8},"end":{"line":184,"column":30}},"30":{"start":{"line":185,"column":8},"end":{"line":185,"column":57}},"31":{"start":{"line":188,"column":8},"end":{"line":188,"column":50}},"32":{"start":{"line":191,"column":8},"end":{"line":191,"column":30}},"33":{"start":{"line":193,"column":8},"end":{"line":193,"column":68}},"34":{"start":{"line":194,"column":8},"end":{"line":194,"column":59}},"35":{"start":{"line":201,"column":8},"end":{"line":201,"column":38}},"36":{"start":{"line":202,"column":8},"end":{"line":202,"column":85}},"37":{"start":{"line":204,"column":8},"end":{"line":204,"column":6074}},"38":{"start":{"line":205,"column":12},"end":{"line":205,"column":32}},"39":{"start":{"line":206,"column":12},"end":{"line":206,"column":25}},"40":{"start":{"line":207,"column":12},"end":{"line":207,"column":46}},"41":{"start":{"line":209,"column":12},"end":{"line":209,"column":58}},"42":{"start":{"line":210,"column":12},"end":{"line":210,"column":49}},"43":{"start":{"line":212,"column":12},"end":{"line":212,"column":35}},"44":{"start":{"line":213,"column":12},"end":{"line":213,"column":33}},"45":{"start":{"line":221,"column":8},"end":{"line":221,"column":41}},"46":{"start":{"line":222,"column":8},"end":{"line":222,"column":50}},"47":{"start":{"line":223,"column":8},"end":{"line":223,"column":30}},"48":{"start":{"line":224,"column":8},"end":{"line":224,"column":38}},"49":{"start":{"line":225,"column":8},"end":{"line":225,"column":45}},"50":{"start":{"line":232,"column":8},"end":{"line":232,"column":60}},"51":{"start":{"line":233,"column":8},"end":{"line":233,"column":109}},"52":{"start":{"line":234,"column":8},"end":{"line":234,"column":68}},"53":{"start":{"line":235,"column":8},"end":{"line":235,"column":34}},"54":{"start":{"line":236,"column":8},"end":{"line":236,"column":48}},"55":{"start":{"line":243,"column":8},"end":{"line":243,"column":113}},"56":{"start":{"line":244,"column":8},"end":{"line":244,"column":86}},"57":{"start":{"line":245,"column":8},"end":{"line":245,"column":45}},"58":{"start":{"line":252,"column":8},"end":{"line":252,"column":81}},"59":{"start":{"line":253,"column":8},"end":{"line":253,"column":86}},"60":{"start":{"line":254,"column":8},"end":{"line":254,"column":28}},"61":{"start":{"line":262,"column":8},"end":{"line":262,"column":34}}},"branchMap":{"1":{"line":104,"type":"if","locations":[{"start":{"line":104,"column":8},"end":{"line":104,"column":8}},{"start":{"line":104,"column":8},"end":{"line":104,"column":8}}]},"2":{"line":105,"type":"if","locations":[{"start":{"line":105,"column":8},"end":{"line":105,"column":8}},{"start":{"line":105,"column":8},"end":{"line":105,"column":8}}]},"3":{"line":124,"type":"if","locations":[{"start":{"line":124,"column":8},"end":{"line":124,"column":8}},{"start":{"line":124,"column":8},"end":{"line":124,"column":8}}]},"4":{"line":125,"type":"if","locations":[{"start":{"line":125,"column":8},"end":{"line":125,"column":8}},{"start":{"line":125,"column":8},"end":{"line":125,"column":8}}]},"5":{"line":126,"type":"if","locations":[{"start":{"line":126,"column":8},"end":{"line":126,"column":8}},{"start":{"line":126,"column":8},"end":{"line":126,"column":8}}]},"6":{"line":127,"type":"if","locations":[{"start":{"line":127,"column":8},"end":{"line":127,"column":8}},{"start":{"line":127,"column":8},"end":{"line":127,"column":8}}]},"7":{"line":128,"type":"if","locations":[{"start":{"line":128,"column":8},"end":{"line":128,"column":8}},{"start":{"line":128,"column":8},"end":{"line":128,"column":8}}]},"8":{"line":181,"type":"if","locations":[{"start":{"line":181,"column":8},"end":{"line":181,"column":8}},{"start":{"line":181,"column":8},"end":{"line":181,"column":8}}]},"9":{"line":182,"type":"if","locations":[{"start":{"line":182,"column":8},"end":{"line":182,"column":8}},{"start":{"line":182,"column":8},"end":{"line":182,"column":8}}]},"10":{"line":183,"type":"if","locations":[{"start":{"line":183,"column":8},"end":{"line":183,"column":8}},{"start":{"line":183,"column":8},"end":{"line":183,"column":8}}]},"11":{"line":184,"type":"if","locations":[{"start":{"line":184,"column":8},"end":{"line":184,"column":8}},{"start":{"line":184,"column":8},"end":{"line":184,"column":8}}]},"12":{"line":185,"type":"if","locations":[{"start":{"line":185,"column":8},"end":{"line":185,"column":8}},{"start":{"line":185,"column":8},"end":{"line":185,"column":8}}]},"13":{"line":201,"type":"if","locations":[{"start":{"line":201,"column":8},"end":{"line":201,"column":8}},{"start":{"line":201,"column":8},"end":{"line":201,"column":8}}]},"14":{"line":202,"type":"if","locations":[{"start":{"line":202,"column":8},"end":{"line":202,"column":8}},{"start":{"line":202,"column":8},"end":{"line":202,"column":8}}]},"15":{"line":204,"type":"if","locations":[{"start":{"line":204,"column":8},"end":{"line":204,"column":8}},{"start":{"line":204,"column":8},"end":{"line":204,"column":8}}]},"16":{"line":221,"type":"if","locations":[{"start":{"line":221,"column":8},"end":{"line":221,"column":8}},{"start":{"line":221,"column":8},"end":{"line":221,"column":8}}]},"17":{"line":232,"type":"if","locations":[{"start":{"line":232,"column":8},"end":{"line":232,"column":8}},{"start":{"line":232,"column":8},"end":{"line":232,"column":8}}]},"18":{"line":233,"type":"if","locations":[{"start":{"line":233,"column":8},"end":{"line":233,"column":8}},{"start":{"line":233,"column":8},"end":{"line":233,"column":8}}]},"19":{"line":243,"type":"if","locations":[{"start":{"line":243,"column":8},"end":{"line":243,"column":8}},{"start":{"line":243,"column":8},"end":{"line":243,"column":8}}]},"20":{"line":244,"type":"if","locations":[{"start":{"line":244,"column":8},"end":{"line":244,"column":8}},{"start":{"line":244,"column":8},"end":{"line":244,"column":8}}]},"21":{"line":252,"type":"if","locations":[{"start":{"line":252,"column":8},"end":{"line":252,"column":8}},{"start":{"line":252,"column":8},"end":{"line":252,"column":8}}]},"22":{"line":253,"type":"if","locations":[{"start":{"line":253,"column":8},"end":{"line":253,"column":8}},{"start":{"line":253,"column":8},"end":{"line":253,"column":8}}]}}},"contracts\\token\\UpgradableDiversify_V1.sol":{"l":{"42":117,"43":117,"47":117,"48":189,"52":117,"53":117,"62":5,"63":3,"78":2,"79":2,"80":1,"83":1,"84":1,"91":3,"98":3,"105":1,"112":3,"119":2,"120":2,"121":2,"128":3,"129":2,"130":2,"131":2,"138":2,"149":8,"150":8,"151":8,"152":7,"154":7,"155":1,"157":7,"159":8,"160":8,"161":8,"168":13,"169":11,"170":11},"path":"C:\\Users\\VITAL\\Documents\\Projekte\\006 Diversify\\diversify-core\\contracts\\token\\UpgradableDiversify_V1.sol","s":{"1":117,"2":117,"3":117,"4":189,"5":117,"6":117,"7":5,"8":3,"9":2,"10":2,"11":1,"12":1,"13":3,"14":3,"15":1,"16":3,"17":2,"18":2,"19":2,"20":3,"21":2,"22":2,"23":2,"24":2,"25":8,"26":8,"27":8,"28":7,"29":7,"30":1,"31":7,"32":8,"33":8,"34":8,"35":13,"36":11,"37":11},"b":{"1":[1,1],"2":[2,1],"3":[7,1],"4":[1,6],"5":[11,2]},"f":{"1":117,"2":5,"3":2,"4":3,"5":3,"6":1,"7":3,"8":2,"9":3,"10":2,"11":8,"12":13},"fnMap":{"1":{"name":"initialize","line":41,"loc":{"start":{"line":37,"column":4},"end":{"line":54,"column":4}}},"2":{"name":"burn","line":61,"loc":{"start":{"line":61,"column":4},"end":{"line":64,"column":4}}},"3":{"name":"burnFrom","line":77,"loc":{"start":{"line":77,"column":4},"end":{"line":85,"column":4}}},"4":{"name":"foundationWallet","line":90,"loc":{"start":{"line":90,"column":4},"end":{"line":92,"column":4}}},"5":{"name":"foundationRate","line":97,"loc":{"start":{"line":97,"column":4},"end":{"line":99,"column":4}}},"6":{"name":"amountFounded","line":104,"loc":{"start":{"line":104,"column":4},"end":{"line":106,"column":4}}},"7":{"name":"amountBurned","line":111,"loc":{"start":{"line":111,"column":4},"end":{"line":113,"column":4}}},"8":{"name":"setFoundationWallet","line":118,"loc":{"start":{"line":118,"column":4},"end":{"line":122,"column":4}}},"9":{"name":"setFoundationRate","line":127,"loc":{"start":{"line":127,"column":4},"end":{"line":132,"column":4}}},"10":{"name":"burnStopSupply","line":137,"loc":{"start":{"line":137,"column":4},"end":{"line":139,"column":4}}},"11":{"name":"_transfer","line":144,"loc":{"start":{"line":144,"column":4},"end":{"line":162,"column":4}}},"12":{"name":"_burn","line":167,"loc":{"start":{"line":167,"column":4},"end":{"line":171,"column":4}}}},"statementMap":{"1":{"start":{"line":42,"column":8},"end":{"line":42,"column":39}},"2":{"start":{"line":43,"column":8},"end":{"line":43,"column":23}},"3":{"start":{"line":47,"column":8},"end":{"line":47,"column":1706}},"4":{"start":{"line":48,"column":12},"end":{"line":48,"column":51}},"5":{"start":{"line":52,"column":8},"end":{"line":52,"column":27}},"6":{"start":{"line":53,"column":8},"end":{"line":53,"column":34}},"7":{"start":{"line":62,"column":8},"end":{"line":62,"column":34}},"8":{"start":{"line":63,"column":8},"end":{"line":63,"column":19}},"9":{"start":{"line":78,"column":8},"end":{"line":78,"column":67}},"10":{"start":{"line":79,"column":8},"end":{"line":79,"column":82}},"11":{"start":{"line":83,"column":8},"end":{"line":83,"column":29}},"12":{"start":{"line":84,"column":8},"end":{"line":84,"column":19}},"13":{"start":{"line":91,"column":8},"end":{"line":91,"column":32}},"14":{"start":{"line":98,"column":8},"end":{"line":98,"column":30}},"15":{"start":{"line":105,"column":8},"end":{"line":105,"column":29}},"16":{"start":{"line":112,"column":8},"end":{"line":112,"column":28}},"17":{"start":{"line":119,"column":8},"end":{"line":119,"column":45}},"18":{"start":{"line":120,"column":8},"end":{"line":120,"column":36}},"19":{"start":{"line":121,"column":8},"end":{"line":121,"column":58}},"20":{"start":{"line":128,"column":8},"end":{"line":128,"column":45}},"21":{"start":{"line":129,"column":8},"end":{"line":129,"column":41}},"22":{"start":{"line":130,"column":8},"end":{"line":130,"column":32}},"23":{"start":{"line":131,"column":8},"end":{"line":131,"column":52}},"24":{"start":{"line":138,"column":8},"end":{"line":138,"column":31}},"25":{"start":{"line":149,"column":8},"end":{"line":149,"column":58}},"26":{"start":{"line":150,"column":8},"end":{"line":150,"column":25}},"27":{"start":{"line":151,"column":8},"end":{"line":151,"column":4799}},"28":{"start":{"line":152,"column":12},"end":{"line":152,"column":30}},"29":{"start":{"line":154,"column":12},"end":{"line":154,"column":4940}},"30":{"start":{"line":155,"column":16},"end":{"line":155,"column":55}},"31":{"start":{"line":157,"column":12},"end":{"line":157,"column":29}},"32":{"start":{"line":159,"column":8},"end":{"line":159,"column":55}},"33":{"start":{"line":160,"column":8},"end":{"line":160,"column":56}},"34":{"start":{"line":161,"column":8},"end":{"line":161,"column":31}},"35":{"start":{"line":168,"column":8},"end":{"line":168,"column":97}},"36":{"start":{"line":169,"column":8},"end":{"line":169,"column":35}},"37":{"start":{"line":170,"column":8},"end":{"line":170,"column":30}}},"branchMap":{"1":{"line":79,"type":"if","locations":[{"start":{"line":79,"column":8},"end":{"line":79,"column":8}},{"start":{"line":79,"column":8},"end":{"line":79,"column":8}}]},"2":{"line":128,"type":"if","locations":[{"start":{"line":128,"column":8},"end":{"line":128,"column":8}},{"start":{"line":128,"column":8},"end":{"line":128,"column":8}}]},"3":{"line":151,"type":"if","locations":[{"start":{"line":151,"column":8},"end":{"line":151,"column":8}},{"start":{"line":151,"column":8},"end":{"line":151,"column":8}}]},"4":{"line":154,"type":"if","locations":[{"start":{"line":154,"column":12},"end":{"line":154,"column":12}},{"start":{"line":154,"column":12},"end":{"line":154,"column":12}}]},"5":{"line":168,"type":"if","locations":[{"start":{"line":168,"column":8},"end":{"line":168,"column":8}},{"start":{"line":168,"column":8},"end":{"line":168,"column":8}}]}}},"contracts\\utils\\RetrieveTokensFeature.sol":{"l":{"18":3,"19":3,"26":0},"path":"C:\\Users\\VITAL\\Documents\\Projekte\\006 Diversify\\diversify-core\\contracts\\utils\\RetrieveTokensFeature.sol","s":{"1":3,"2":3,"3":0},"b":{},"f":{"1":3,"2":0},"fnMap":{"1":{"name":"retrieveTokens","line":17,"loc":{"start":{"line":17,"column":4},"end":{"line":20,"column":4}}},"2":{"name":"retrieveETH","line":25,"loc":{"start":{"line":25,"column":4},"end":{"line":27,"column":4}}}},"statementMap":{"1":{"start":{"line":18,"column":8},"end":{"line":18,"column":48}},"2":{"start":{"line":19,"column":8},"end":{"line":19,"column":71}},"3":{"start":{"line":26,"column":8},"end":{"line":26,"column":41}}},"branchMap":{}},"contracts\\utils\\UpgradableRetrieveTokensFeature.sol":{"l":{"18":0,"25":0,"26":0,"33":0},"path":"C:\\Users\\VITAL\\Documents\\Projekte\\006 Diversify\\diversify-core\\contracts\\utils\\UpgradableRetrieveTokensFeature.sol","s":{"1":0,"2":0,"3":0,"4":0},"b":{},"f":{"1":0,"2":0,"3":0},"fnMap":{"1":{"name":"initialize","line":17,"loc":{"start":{"line":17,"column":4},"end":{"line":19,"column":4}}},"2":{"name":"retrieveTokens","line":24,"loc":{"start":{"line":24,"column":4},"end":{"line":27,"column":4}}},"3":{"name":"retrieveETH","line":32,"loc":{"start":{"line":32,"column":4},"end":{"line":34,"column":4}}}},"statementMap":{"1":{"start":{"line":18,"column":8},"end":{"line":18,"column":23}},"2":{"start":{"line":25,"column":8},"end":{"line":25,"column":48}},"3":{"start":{"line":26,"column":8},"end":{"line":26,"column":71}},"4":{"start":{"line":33,"column":8},"end":{"line":33,"column":41}}},"branchMap":{}},"contracts\\vaults\\TimelockedIntervalReleasedTokenVault.sol":{"l":{"27":0,"34":0,"35":0,"36":0,"37":0,"39":0,"40":0,"41":0,"42":0,"43":0,"44":0,"46":0,"47":0,"48":0,"49":0},"path":"C:\\Users\\VITAL\\Documents\\Projekte\\006 Diversify\\diversify-core\\contracts\\vaults\\TimelockedIntervalReleasedTokenVault.sol","s":{"1":0,"2":0,"3":0,"4":0,"5":0,"6":0,"7":0,"8":0,"9":0,"10":0,"11":0,"12":0,"13":0,"14":0,"15":0},"b":{"1":[0,0],"2":[0,0],"3":[0,0]},"f":{"1":0,"2":0},"fnMap":{"1":{"name":"constructor","line":26,"loc":{"start":{"line":22,"column":4},"end":{"line":28,"column":4}}},"2":{"name":"retrieveLockedTokens","line":33,"loc":{"start":{"line":33,"column":4},"end":{"line":50,"column":4}}}},"statementMap":{"1":{"start":{"line":27,"column":8},"end":{"line":27,"column":28}},"2":{"start":{"line":34,"column":8},"end":{"line":34,"column":77}},"3":{"start":{"line":35,"column":8},"end":{"line":35,"column":36}},"4":{"start":{"line":36,"column":8},"end":{"line":36,"column":1033}},"5":{"start":{"line":37,"column":12},"end":{"line":37,"column":61}},"6":{"start":{"line":39,"column":12},"end":{"line":39,"column":49}},"7":{"start":{"line":40,"column":12},"end":{"line":40,"column":56}},"8":{"start":{"line":41,"column":12},"end":{"line":41,"column":65}},"9":{"start":{"line":42,"column":12},"end":{"line":42,"column":58}},"10":{"start":{"line":43,"column":12},"end":{"line":43,"column":73}},"11":{"start":{"line":44,"column":12},"end":{"line":44,"column":75}},"12":{"start":{"line":46,"column":8},"end":{"line":46,"column":90}},"13":{"start":{"line":47,"column":8},"end":{"line":47,"column":61}},"14":{"start":{"line":48,"column":8},"end":{"line":48,"column":59}},"15":{"start":{"line":49,"column":8},"end":{"line":49,"column":55}}},"branchMap":{"1":{"line":34,"type":"if","locations":[{"start":{"line":34,"column":8},"end":{"line":34,"column":8}},{"start":{"line":34,"column":8},"end":{"line":34,"column":8}}]},"2":{"line":36,"type":"if","locations":[{"start":{"line":36,"column":8},"end":{"line":36,"column":8}},{"start":{"line":36,"column":8},"end":{"line":36,"column":8}}]},"3":{"line":46,"type":"if","locations":[{"start":{"line":46,"column":8},"end":{"line":46,"column":8}},{"start":{"line":46,"column":8},"end":{"line":46,"column":8}}]}}},"contracts\\vaults\\TimelockedTokenVault.sol":{"l":{"45":54,"46":54,"47":54,"54":14,"55":13,"56":13,"57":13,"58":13,"59":13,"66":1,"73":1,"80":3,"87":2,"94":1,"101":1,"102":1,"109":1,"110":1,"117":2,"118":2,"125":3,"126":2,"128":1,"129":1,"130":1,"137":3,"138":2},"path":"C:\\Users\\VITAL\\Documents\\Projekte\\006 Diversify\\diversify-core\\contracts\\vaults\\TimelockedTokenVault.sol","s":{"1":54,"2":54,"3":54,"4":14,"5":13,"6":13,"7":13,"8":13,"9":13,"10":1,"11":1,"12":3,"13":2,"14":1,"15":1,"16":1,"17":1,"18":1,"19":2,"20":2,"21":3,"22":2,"23":1,"24":1,"25":1,"26":3,"27":2},"b":{"1":[13,1],"2":[13,0],"3":[1,0],"4":[1,0],"5":[2,0],"6":[2,1],"7":[1,1],"8":[2,1]},"f":{"1":54,"2":14,"3":1,"4":1,"5":3,"6":2,"7":1,"8":1,"9":1,"10":2,"11":3,"12":3},"fnMap":{"1":{"name":"constructor","line":44,"loc":{"start":{"line":44,"column":4},"end":{"line":48,"column":4}}},"2":{"name":"start","line":53,"loc":{"start":{"line":53,"column":4},"end":{"line":60,"column":4}}},"3":{"name":"token","line":65,"loc":{"start":{"line":65,"column":4},"end":{"line":67,"column":4}}},"4":{"name":"duration","line":72,"loc":{"start":{"line":72,"column":4},"end":{"line":74,"column":4}}},"5":{"name":"beneficiary","line":79,"loc":{"start":{"line":79,"column":4},"end":{"line":81,"column":4}}},"6":{"name":"started","line":86,"loc":{"start":{"line":86,"column":4},"end":{"line":88,"column":4}}},"7":{"name":"retrievedTokens","line":93,"loc":{"start":{"line":93,"column":4},"end":{"line":95,"column":4}}},"8":{"name":"startBalance","line":100,"loc":{"start":{"line":100,"column":4},"end":{"line":103,"column":4}}},"9":{"name":"startDate","line":108,"loc":{"start":{"line":108,"column":4},"end":{"line":111,"column":4}}},"10":{"name":"endDate","line":116,"loc":{"start":{"line":116,"column":4},"end":{"line":119,"column":4}}},"11":{"name":"retrieveLockedTokens","line":124,"loc":{"start":{"line":124,"column":4},"end":{"line":131,"column":4}}},"12":{"name":"retrieveTokens","line":136,"loc":{"start":{"line":136,"column":4},"end":{"line":139,"column":4}}}},"statementMap":{"1":{"start":{"line":45,"column":8},"end":{"line":45,"column":34}},"2":{"start":{"line":46,"column":8},"end":{"line":46,"column":28}},"3":{"start":{"line":47,"column":8},"end":{"line":47,"column":27}},"4":{"start":{"line":54,"column":8},"end":{"line":54,"column":49}},"5":{"start":{"line":55,"column":8},"end":{"line":55,"column":66}},"6":{"start":{"line":56,"column":8},"end":{"line":56,"column":22}},"7":{"start":{"line":57,"column":8},"end":{"line":57,"column":35}},"8":{"start":{"line":58,"column":8},"end":{"line":58,"column":54}},"9":{"start":{"line":59,"column":8},"end":{"line":59,"column":22}},"10":{"start":{"line":66,"column":8},"end":{"line":66,"column":21}},"11":{"start":{"line":73,"column":8},"end":{"line":73,"column":24}},"12":{"start":{"line":80,"column":8},"end":{"line":80,"column":27}},"13":{"start":{"line":87,"column":8},"end":{"line":87,"column":23}},"14":{"start":{"line":94,"column":8},"end":{"line":94,"column":31}},"15":{"start":{"line":101,"column":8},"end":{"line":101,"column":24}},"16":{"start":{"line":102,"column":8},"end":{"line":102,"column":28}},"17":{"start":{"line":109,"column":8},"end":{"line":109,"column":24}},"18":{"start":{"line":110,"column":8},"end":{"line":110,"column":25}},"19":{"start":{"line":117,"column":8},"end":{"line":117,"column":24}},"20":{"start":{"line":118,"column":8},"end":{"line":118,"column":37}},"21":{"start":{"line":125,"column":8},"end":{"line":125,"column":44}},"22":{"start":{"line":126,"column":8},"end":{"line":126,"column":65}},"23":{"start":{"line":128,"column":8},"end":{"line":128,"column":66}},"24":{"start":{"line":129,"column":8},"end":{"line":129,"column":59}},"25":{"start":{"line":130,"column":8},"end":{"line":130,"column":55}},"26":{"start":{"line":137,"column":8},"end":{"line":137,"column":100}},"27":{"start":{"line":138,"column":8},"end":{"line":138,"column":45}}},"branchMap":{"1":{"line":54,"type":"if","locations":[{"start":{"line":54,"column":8},"end":{"line":54,"column":8}},{"start":{"line":54,"column":8},"end":{"line":54,"column":8}}]},"2":{"line":55,"type":"if","locations":[{"start":{"line":55,"column":8},"end":{"line":55,"column":8}},{"start":{"line":55,"column":8},"end":{"line":55,"column":8}}]},"3":{"line":101,"type":"if","locations":[{"start":{"line":101,"column":8},"end":{"line":101,"column":8}},{"start":{"line":101,"column":8},"end":{"line":101,"column":8}}]},"4":{"line":109,"type":"if","locations":[{"start":{"line":109,"column":8},"end":{"line":109,"column":8}},{"start":{"line":109,"column":8},"end":{"line":109,"column":8}}]},"5":{"line":117,"type":"if","locations":[{"start":{"line":117,"column":8},"end":{"line":117,"column":8}},{"start":{"line":117,"column":8},"end":{"line":117,"column":8}}]},"6":{"line":125,"type":"if","locations":[{"start":{"line":125,"column":8},"end":{"line":125,"column":8}},{"start":{"line":125,"column":8},"end":{"line":125,"column":8}}]},"7":{"line":126,"type":"if","locations":[{"start":{"line":126,"column":8},"end":{"line":126,"column":8}},{"start":{"line":126,"column":8},"end":{"line":126,"column":8}}]},"8":{"line":137,"type":"if","locations":[{"start":{"line":137,"column":8},"end":{"line":137,"column":8}},{"start":{"line":137,"column":8},"end":{"line":137,"column":8}}]}}}}